<?xml version="1.0" encoding="UTF-8"?>
<!-- Generated by org.testng.reporters.JUnitXMLReporter -->
<testsuite ignored="1" hostname="DESKTOP-CODLMV7" failures="0" tests="6" name="Test" time="0.403" errors="0" timestamp="2023-10-25T07:58:34 IST">
  <testcase classname="com.testclasses.DemoTests" name="test2" time="0.022"/>
  <testcase classname="com.testclasses.DemoTests" name="test3" time="0.004"/>
  <testcase classname="com.testclasses.DemoTests" name="test4" time="0.005"/>
  <testcase classname="com.testclasses.DemoTests" name="test" time="0.002"/>
  <testcase classname="com.testclasses.DemoTests" name="test" time="0.006"/>
  <testcase classname="com.testclasses.DemoTests" name="test" time="0.007"/>
  <testcase classname="com.testclasses.DemoTests" name="test1" time="0.0">
    <ignored/>
  </testcase> <!-- test1 -->
</testsuite> <!-- Test -->
