<?xml version="1.0" encoding="UTF-8"?>
<!-- Generated by org.testng.reporters.JUnitXMLReporter -->
<testsuite ignored="6" hostname="DESKTOP-CODLMV7" failures="1" tests="2" name="Test" time="0.23" errors="0" timestamp="2023-10-27T07:11:58 IST">
  <testcase classname="com.testclasses.DemoTests" name="test3" time="0.014"/>
  <testcase classname="com.testclasses.DemoTests" name="test3" time="0.096">
    <failure type="java.lang.NullPointerException">
      <![CDATA[java.lang.NullPointerException
at com.utility.Utility.takeScreenShot(Utility.java:106)
at com.listner.MyListner.onTestSuccess(MyListner.java:14)
at java.base/java.util.ArrayList.forEach(ArrayList.java:1541)
... Removed 24 stack frames]]>
    </failure>
  </testcase> <!-- test3 -->
  <testcase classname="com.testclasses.DemoTests" name="test" time="0.0">
    <ignored/>
  </testcase> <!-- test -->
  <testcase classname="com.testclasses.LoginTest" name="loginTest" time="0.0">
    <ignored/>
  </testcase> <!-- loginTest -->
  <testcase classname="com.testclasses.HomePageTest" name="PimTest" time="0.0">
    <ignored/>
  </testcase> <!-- PimTest -->
  <testcase classname="com.testclasses.DemoTests" name="test1" time="0.0">
    <ignored/>
  </testcase> <!-- test1 -->
  <testcase classname="com.testclasses.DemoTests" name="test2" time="0.0">
    <ignored/>
  </testcase> <!-- test2 -->
  <testcase classname="com.testclasses.DemoTests" name="test4" time="0.0">
    <ignored/>
  </testcase> <!-- test4 -->
</testsuite> <!-- Test -->
