<?xml version="1.0" encoding="UTF-8"?>
<testng-results ignored="0" total="4" passed="4" failed="0" skipped="0">
  <reporter-output>
  </reporter-output>
  <suite started-at="2023-10-30T07:30:56 IST" name="Suite" finished-at="2023-10-30T07:31:34 IST" duration-ms="38156">
    <groups>
      <group name="sanity">
        <method signature="LoginTest.loginTest(java.util.Map)[pri:0, instance:com.testclasses.LoginTest@17f9d882]" name="loginTest" class="com.testclasses.LoginTest"/>
      </group> <!-- sanity -->
    </groups>
    <test started-at="2023-10-30T07:30:56 IST" name="Test" finished-at="2023-10-30T07:31:34 IST" duration-ms="38156">
      <class name="com.testclasses.LoginTest">
        <test-method is-config="true" signature="setUp(java.lang.String)[pri:0, instance:com.testclasses.LoginTest@17f9d882]" started-at="2023-10-30T07:30:56 IST" name="setUp" finished-at="2023-10-30T07:31:07 IST" duration-ms="10597" status="PASS">
          <params>
            <param index="0">
              <value>
                <![CDATA[chrome]]>
              </value>
            </param>
          </params>
          <reporter-output>
          </reporter-output>
        </test-method> <!-- setUp -->
        <test-method signature="loginTest(java.util.Map)[pri:0, instance:com.testclasses.LoginTest@17f9d882]" started-at="2023-10-30T07:31:08 IST" name="loginTest" data-provider="logindata" finished-at="2023-10-30T07:31:15 IST" duration-ms="6338" status="PASS">
          <params>
            <param index="0">
              <value>
                <![CDATA[{password=bmbm, username=dsd}]]>
              </value>
            </param>
          </params>
          <reporter-output>
          </reporter-output>
        </test-method> <!-- loginTest -->
        <test-method signature="loginTest(java.util.Map)[pri:0, instance:com.testclasses.LoginTest@17f9d882]" started-at="2023-10-30T07:31:15 IST" name="loginTest" data-provider="logindata" finished-at="2023-10-30T07:31:21 IST" duration-ms="6037" status="PASS">
          <params>
            <param index="0">
              <value>
                <![CDATA[{password=nmb, username=mbmbm}]]>
              </value>
            </param>
          </params>
          <reporter-output>
          </reporter-output>
        </test-method> <!-- loginTest -->
        <test-method signature="loginTest(java.util.Map)[pri:0, instance:com.testclasses.LoginTest@17f9d882]" started-at="2023-10-30T07:31:21 IST" name="loginTest" data-provider="logindata" finished-at="2023-10-30T07:31:27 IST" duration-ms="5991" status="PASS">
          <params>
            <param index="0">
              <value>
                <![CDATA[{password=dsnfm, username=nndvd}]]>
              </value>
            </param>
          </params>
          <reporter-output>
          </reporter-output>
        </test-method> <!-- loginTest -->
        <test-method signature="loginTest(java.util.Map)[pri:0, instance:com.testclasses.LoginTest@17f9d882]" started-at="2023-10-30T07:31:27 IST" name="loginTest" data-provider="logindata" finished-at="2023-10-30T07:31:34 IST" duration-ms="6710" status="PASS">
          <params>
            <param index="0">
              <value>
                <![CDATA[{password=admin123, username=Admin}]]>
              </value>
            </param>
          </params>
          <reporter-output>
          </reporter-output>
        </test-method> <!-- loginTest -->
        <test-method is-config="true" signature="tearDown(org.testng.ITestResult)[pri:0, instance:com.testclasses.LoginTest@17f9d882]" started-at="2023-10-30T07:31:34 IST" name="tearDown" finished-at="1970-01-01T05:30:00 IST" duration-ms="-1698631294723" status="FAIL">
          <exception class="org.testng.TestNGException">
            <message>
              <![CDATA[
Can inject only one of <ITestContext, XmlTest> into a @AfterClass annotated tearDown.
For more information on native dependency injection please refer to https://testng.org/doc/documentation-main.html#native-dependency-injection]]>
            </message>
            <full-stacktrace>
              <![CDATA[org.testng.TestNGException: 
Can inject only one of <ITestContext, XmlTest> into a @AfterClass annotated tearDown.
For more information on native dependency injection please refer to https://testng.org/doc/documentation-main.html#native-dependency-injection
at org.testng.internal.Parameters.checkParameterTypes(Parameters.java:436)
at org.testng.internal.Parameters.createParametersForMethod(Parameters.java:350)
at org.testng.internal.Parameters.createParameters(Parameters.java:693)
at org.testng.internal.Parameters.createConfigurationParameters(Parameters.java:166)
at org.testng.internal.invokers.ConfigInvoker.invokeConfigurations(ConfigInvoker.java:277)
at org.testng.internal.invokers.TestMethodWorker.invokeAfterClassMethods(TestMethodWorker.java:222)
at org.testng.internal.invokers.TestMethodWorker.run(TestMethodWorker.java:131)
at java.base/java.util.concurrent.ThreadPoolExecutor.runWorker(ThreadPoolExecutor.java:1128)
at java.base/java.util.concurrent.ThreadPoolExecutor$Worker.run(ThreadPoolExecutor.java:628)
at java.base/java.lang.Thread.run(Thread.java:834)
]]>
            </full-stacktrace>
          </exception> <!-- org.testng.TestNGException -->
          <reporter-output>
          </reporter-output>
        </test-method> <!-- tearDown -->
      </class> <!-- com.testclasses.LoginTest -->
    </test> <!-- Test -->
  </suite> <!-- Suite -->
</testng-results>
